<?xml version="1.0" encoding="UTF-8" ?>
<testsuite tests="13" failures="0" name="it.unipd.mtss.business.BillTest" time="0.036" errors="0" skipped="0">
  <properties>
    <property name="java.runtime.name" value="Java(TM) SE Runtime Environment"/>
    <property name="java.vm.version" value="18.0.1.1+2-6"/>
    <property name="sun.boot.library.path" value="C:\Program Files\Java\jdk-18.0.1.1\bin"/>
    <property name="user.country.format" value="150"/>
    <property name="maven.multiModuleProjectDirectory" value="C:\Users\Alberto Franzin\Desktop\Assignment 2\TEST\Assignment_2.1"/>
    <property name="java.vm.vendor" value="Oracle Corporation"/>
    <property name="java.vendor.url" value="https://java.oracle.com/"/>
    <property name="guice.disable.misplaced.annotation.check" value="true"/>
    <property name="path.separator" value=";"/>
    <property name="java.vm.name" value="Java HotSpot(TM) 64-Bit Server VM"/>
    <property name="sun.os.patch.level" value=""/>
    <property name="user.script" value=""/>
    <property name="user.country" value="US"/>
    <property name="sun.java.launcher" value="SUN_STANDARD"/>
    <property name="java.vm.specification.name" value="Java Virtual Machine Specification"/>
    <property name="user.dir" value="C:\Users\Alberto Franzin\Desktop\Assignment 2\TEST\Assignment_2.1"/>
    <property name="java.vm.compressedOopsMode" value="Zero based"/>
    <property name="java.runtime.version" value="18.0.1.1+2-6"/>
    <property name="os.arch" value="amd64"/>
    <property name="java.io.tmpdir" value="C:\Users\ALBERT~1\AppData\Local\Temp\"/>
    <property name="line.separator" value="
"/>
    <property name="java.vm.specification.vendor" value="Oracle Corporation"/>
    <property name="user.variant" value=""/>
    <property name="os.name" value="Windows 11"/>
    <property name="classworlds.conf" value="C:\Users\Alberto Franzin\Desktop\Assignment 2\Programs\apache-maven-3.8.5\bin\m2.conf"/>
    <property name="sun.jnu.encoding" value="Cp1252"/>
    <property name="java.library.path" value="C:\Program Files\Java\jdk-18.0.1.1\bin;C:\WINDOWS\Sun\Java\bin;C:\WINDOWS\system32;C:\WINDOWS;C:\Program Files\Common Files\Oracle\Java\javapath;C:\Program Files (x86)\Common Files\Oracle\Java\javapath;C:\WINDOWS\system32;C:\WINDOWS;C:\WINDOWS\System32\Wbem;C:\WINDOWS\System32\WindowsPowerShell\v1.0\;C:\WINDOWS\System32\OpenSSH\;C:\Program Files (x86)\Intel\Intel(R) Management Engine Components\DAL;C:\Program Files\Intel\Intel(R) Management Engine Components\DAL;C:\Program Files\PowerShell\7\;C:\Program Files\Git\cmd;C:\Users\Alberto Franzin\Desktop\Assignment 2\Programs\apache-maven-3.8.5\bin;C:\Users\Alberto Franzin\AppData\Local\Microsoft\WindowsApps;C:\Users\Alberto Franzin\AppData\Local\Programs\Microsoft VS Code\bin;C:\src\flutter\bin;C:\Users\Alberto Franzin\spicetify-cli;C:\Users\Alberto Franzin\AppData\Local\Microsoft\WindowsApps;C:\Users\Alberto Franzin\Desktop\Assignment 2\Programs\apache-maven-3.8.5\bin;;C:\Program Files\JetBrains\IntelliJ IDEA Community Edition 2022.1.1\bin;;."/>
    <property name="maven.conf" value="C:\Users\Alberto Franzin\Desktop\Assignment 2\Programs\apache-maven-3.8.5/conf"/>
    <property name="jdk.debug" value="release"/>
    <property name="java.class.version" value="62.0"/>
    <property name="java.specification.name" value="Java Platform API Specification"/>
    <property name="sun.management.compiler" value="HotSpot 64-Bit Tiered Compilers"/>
    <property name="os.version" value="10.0"/>
    <property name="library.jansi.path" value="C:\Users\Alberto Franzin\Desktop\Assignment 2\Programs\apache-maven-3.8.5\lib\jansi-native"/>
    <property name="user.home" value="C:\Users\Alberto Franzin"/>
    <property name="user.timezone" value="Europe/Rome"/>
    <property name="file.encoding" value="UTF-8"/>
    <property name="java.specification.version" value="18"/>
    <property name="user.name" value="Alberto Franzin"/>
    <property name="java.class.path" value="C:\Users\Alberto Franzin\Desktop\Assignment 2\Programs\apache-maven-3.8.5\boot\plexus-classworlds-2.6.0.jar"/>
    <property name="java.vm.specification.version" value="18"/>
    <property name="sun.arch.data.model" value="64"/>
    <property name="sun.java.command" value="org.codehaus.plexus.classworlds.launcher.Launcher test checkstyle:check"/>
    <property name="java.home" value="C:\Program Files\Java\jdk-18.0.1.1"/>
    <property name="user.language" value="en"/>
    <property name="java.specification.vendor" value="Oracle Corporation"/>
    <property name="java.vm.info" value="mixed mode, sharing"/>
    <property name="java.version" value="18.0.1.1"/>
    <property name="native.encoding" value="Cp1252"/>
    <property name="java.vendor" value="Oracle Corporation"/>
    <property name="sun.stderr.encoding" value="cp850"/>
    <property name="maven.home" value="C:\Users\Alberto Franzin\Desktop\Assignment 2\Programs\apache-maven-3.8.5"/>
    <property name="file.separator" value="\"/>
    <property name="java.version.date" value="2022-04-22"/>
    <property name="java.vendor.url.bug" value="https://bugreport.java.com/bugreport/"/>
    <property name="sun.io.unicode.encoding" value="UnicodeLittle"/>
    <property name="sun.cpu.endian" value="little"/>
    <property name="sun.stdout.encoding" value="cp850"/>
    <property name="sun.cpu.isalist" value="amd64"/>
  </properties>
  <testcase classname="it.unipd.mtss.business.BillTest" name="orderPrice_LessThanElevenMouseDiscountTest" time="0.03"/>
  <testcase classname="it.unipd.mtss.business.BillTest" name="orderPrice_CalculateTotalTest" time="0"/>
  <testcase classname="it.unipd.mtss.business.BillTest" name="orderPrice_KeyboardNOTEqualsMouseDiscountTest" time="0"/>
  <testcase classname="it.unipd.mtss.business.BillTest" name="orderPrice_LessThanSixCPUDiscountTest" time="0.002"/>
  <testcase classname="it.unipd.mtss.business.BillTest" name="orderPrice_NullEItemTest" time="0"/>
  <testcase classname="it.unipd.mtss.business.BillTest" name="orderPrice_MoreThanFiveCPUDiscountTest" time="0.001"/>
  <testcase classname="it.unipd.mtss.business.BillTest" name="orderPrice_EmptyList" time="0"/>
  <testcase classname="it.unipd.mtss.business.BillTest" name="orderPrice_DiscountTenPercentTest" time="0"/>
  <testcase classname="it.unipd.mtss.business.BillTest" name="orderPrice_NullUserTest" time="0.001"/>
  <testcase classname="it.unipd.mtss.business.BillTest" name="orderPrice_KeyboardEqualsMouseDiscountTest" time="0.001"/>
  <testcase classname="it.unipd.mtss.business.BillTest" name="orderPrice_NotDiscountTenPercentTest" time="0"/>
  <testcase classname="it.unipd.mtss.business.BillTest" name="orderPrice_MaxTrentaElementiTest" time="0"/>
  <testcase classname="it.unipd.mtss.business.BillTest" name="orderPrice_MoreThanTenMouseDiscountTest" time="0.001"/>
</testsuite>